12/15/2020 10:50:58 AM Info Project 'MTG Deployment V1.0' created successfully and added to workspace
12/15/2020 10:51:13 AM Info Navigating to URI https://docs.microsoft.com/windows/configuration/wcd/wcd-accounts#computeraccount
12/15/2020 10:51:37 AM Info Navigating to URI https://docs.microsoft.com/windows/configuration/wcd/wcd-accounts#computeraccount
12/15/2020 10:51:42 AM Info Navigating to URI https://docs.microsoft.com/windows/configuration/wcd/wcd-accounts#computeraccount
12/15/2020 10:51:54 AM Info Navigating to URI https://docs.microsoft.com/windows/configuration/wcd/wcd-accounts#computeraccount
12/15/2020 10:52:11 AM Info Navigating to URI https://docs.microsoft.com/windows/configuration/wcd/wcd-accounts#computeraccount
12/15/2020 10:52:34 AM Info Navigating to URI https://docs.microsoft.com/windows/configuration/wcd/wcd-accounts#users
12/15/2020 10:52:44 AM Info Navigating to URI https://docs.microsoft.com/windows/configuration/wcd/wcd-accounts#users
12/15/2020 10:52:45 AM Info Navigating to URI https://docs.microsoft.com/windows/configuration/wcd/wcd-accounts#users
12/15/2020 10:52:54 AM Info Navigating to URI https://docs.microsoft.com/windows/configuration/wcd/wcd-accounts#users
12/15/2020 10:52:55 AM Info Navigating to URI https://docs.microsoft.com/windows/configuration/wcd/wcd-accounts#users
12/15/2020 10:52:57 AM Info Navigating to URI https://docs.microsoft.com/windows/configuration/wcd/wcd-accounts#users
12/15/2020 10:52:57 AM Info Navigating to URI https://docs.microsoft.com/windows/configuration/wcd/wcd-accounts#users
12/15/2020 10:52:57 AM Info Navigating to URI https://docs.microsoft.com/windows/configuration/wcd/wcd-accounts#users
12/15/2020 10:52:58 AM Info Navigating to URI https://docs.microsoft.com/windows/configuration/wcd/wcd-accounts#users
12/15/2020 10:52:58 AM Info Navigating to URI https://docs.microsoft.com/windows/configuration/wcd/wcd-accounts#users
12/15/2020 10:53:10 AM Info Navigating to URI https://docs.microsoft.com/windows/configuration/wcd/wcd-accounts#users
12/15/2020 10:53:14 AM Info Navigating to URI https://docs.microsoft.com/windows/configuration/wcd/wcd-oobe#desktop
12/15/2020 10:53:16 AM Info Navigating to URI https://docs.microsoft.com/windows/configuration/wcd/wcd-oobe#desktop
12/15/2020 10:53:17 AM Info Navigating to URI https://docs.microsoft.com/windows/configuration/wcd/wcd-oobe#desktop
12/15/2020 10:53:18 AM Info Navigating to URI https://docs.microsoft.com/windows/configuration/wcd/wcd-oobe#desktop
12/15/2020 10:53:18 AM Info Navigating to URI https://docs.microsoft.com/windows/configuration/wcd/wcd-oobe#desktop
12/15/2020 10:53:18 AM Info Navigating to URI https://docs.microsoft.com/windows/configuration/wcd/wcd-oobe#desktop
12/15/2020 10:53:18 AM Info Navigating to URI https://docs.microsoft.com/windows/configuration/wcd/wcd-oobe#desktop
12/15/2020 10:53:19 AM Info Navigating to URI https://docs.microsoft.com/windows/configuration/wcd/wcd-oobe#desktop
12/15/2020 10:53:19 AM Info Navigating to URI https://docs.microsoft.com/windows/configuration/wcd/wcd-oobe#desktop
12/15/2020 10:53:20 AM Info Navigating to URI https://docs.microsoft.com/windows/configuration/wcd/wcd-oobe#desktop
12/15/2020 10:53:20 AM Info Navigating to URI https://docs.microsoft.com/windows/configuration/wcd/wcd-oobe#desktop
12/15/2020 10:53:21 AM Info Navigating to URI https://docs.microsoft.com/windows/configuration/wcd/wcd-oobe#desktop
12/15/2020 10:53:31 AM Info Navigating to URI https://docs.microsoft.com/windows/configuration/wcd/wcd-oobe#desktop
12/15/2020 10:53:35 AM Info Navigating to URI https://docs.microsoft.com/windows/configuration/wcd/wcd-oobe#desktop
12/15/2020 10:54:07 AM Info Navigating to URI https://docs.microsoft.com/windows/configuration/wcd/wcd-connectivityprofiles#knownaccounts
12/15/2020 10:54:17 AM Info Navigating to URI https://docs.microsoft.com/windows/configuration/wcd/wcd-connectivityprofiles#knownaccounts
12/15/2020 10:54:23 AM Info Navigating to URI https://docs.microsoft.com/windows/configuration/wcd/wcd-connectivityprofiles#knownaccounts
12/15/2020 10:54:30 AM Info Navigating to URI https://docs.microsoft.com/windows/configuration/wcd/wcd-policies#abovelock
12/15/2020 10:54:41 AM Info Navigating to URI https://docs.microsoft.com/windows/configuration/wcd/wcd-policies#accounts
12/15/2020 10:54:51 AM Info Navigating to URI https://docs.microsoft.com/windows/configuration/wcd/wcd-policies#browser
12/15/2020 10:55:36 AM Info Navigating to URI https://docs.microsoft.com/windows/configuration/wcd/wcd-policies#abovelock
12/15/2020 10:55:46 AM Info Navigating to URI https://docs.microsoft.com/windows/configuration/wcd/wcd-desktopbackgroundandcolors#deploydesktopbackgroundfile
12/15/2020 10:55:56 AM Info Navigating to URI https://docs.microsoft.com/windows/configuration/wcd/wcd-desktopbackgroundandcolors#deploydesktopbackgroundfile
12/15/2020 10:56:04 AM Info Navigating to URI https://docs.microsoft.com/windows/configuration/wcd/wcd-desktopbackgroundandcolors#registerdesktopbackgroundfile
12/15/2020 10:56:07 AM Info Navigating to URI https://docs.microsoft.com/windows/configuration/wcd/wcd-maps#chinavariantwin10
12/15/2020 10:56:10 AM Info Navigating to URI https://docs.microsoft.com/windows/configuration/wcd/wcd-start#startlayout
12/15/2020 10:56:21 AM Info Navigating to URI https://docs.microsoft.com/windows/configuration/wcd/wcd-start#startlayout
12/15/2020 10:56:38 AM Info Navigating to URI https://docs.microsoft.com/windows/configuration/wcd/wcd-start#startlayout
12/15/2020 10:56:40 AM Info Navigating to URI https://docs.microsoft.com/windows/configuration/wcd/wcd-time#provisionsettimezone
12/15/2020 10:56:41 AM Info Navigating to URI https://docs.microsoft.com/windows/configuration/wcd/wcd-time#provisionsettimezone
12/15/2020 10:56:42 AM Info Navigating to URI https://docs.microsoft.com/windows/configuration/wcd/wcd-time#provisionsettimezone
12/15/2020 10:56:42 AM Info Navigating to URI https://docs.microsoft.com/windows/configuration/wcd/wcd-time#provisionsettimezone
12/15/2020 10:56:43 AM Info Navigating to URI https://docs.microsoft.com/windows/configuration/wcd/wcd-time#provisionsettimezone
12/15/2020 10:56:58 AM Info Navigating to URI https://docs.microsoft.com/windows/configuration/wcd/wcd-personalization#deploydesktopimage
12/15/2020 10:57:01 AM Info Navigating to URI https://docs.microsoft.com/windows/configuration/wcd/wcd-personalization#desktopimageurl
12/15/2020 10:58:07 AM Info Navigating to URI https://docs.microsoft.com/windows/configuration/wcd/wcd-cleanpc#cleanpcretaininguserdata
12/15/2020 10:58:09 AM Info Navigating to URI https://docs.microsoft.com/windows/configuration/wcd/wcd-cleanpc#cleanpcwithoutretaininguserdata
12/15/2020 10:58:11 AM Info Navigating to URI https://docs.microsoft.com/windows/configuration/wcd/wcd-cleanpc#cleanpcretaininguserdata
12/15/2020 10:58:18 AM Info Navigating to URI https://docs.microsoft.com/windows/configuration/wcd/wcd-countryandregion#countrycodeforextendedcapabilityprompts
12/15/2020 10:58:21 AM Info Navigating to URI https://docs.microsoft.com/windows/configuration/wcd/wcd-countryandregion#countrycodeforextendedcapabilityprompts
12/15/2020 10:58:23 AM Info Navigating to URI https://docs.microsoft.com/windows/configuration/wcd/wcd-countryandregion#countrycodeforextendedcapabilityprompts
12/15/2020 10:58:25 AM Info Navigating to URI https://docs.microsoft.com/windows/configuration/wcd/wcd-countryandregion#countrycodeforextendedcapabilityprompts
12/15/2020 10:58:30 AM Info Navigating to URI https://docs.microsoft.com/windows/configuration/wcd/wcd-desktopbackgroundandcolors#deploydesktopbackgroundfile
12/15/2020 10:58:31 AM Info Navigating to URI https://docs.microsoft.com/windows/configuration/wcd/wcd-desktopbackgroundandcolors#registerdesktopbackgroundfile
12/15/2020 10:58:34 AM Info Navigating to URI https://docs.microsoft.com/windows/configuration/wcd/wcd-desktopbackgroundandcolors#deploydesktopbackgroundfile
12/15/2020 10:58:37 AM Info Navigating to URI https://docs.microsoft.com/windows/configuration/wcd/wcd-desktopbackgroundandcolors#deploydesktopbackgroundfile
12/15/2020 10:58:39 AM Info Navigating to URI https://docs.microsoft.com/windows/configuration/wcd/wcd-desktopbackgroundandcolors#deploydesktopbackgroundfile
12/15/2020 10:58:42 AM Info Navigating to URI https://docs.microsoft.com/windows/configuration/wcd/wcd-personalization#deploydesktopimage
12/15/2020 10:58:55 AM Info Navigating to URI https://docs.microsoft.com/windows/configuration/wcd/wcd-browser#partnersearchcode
12/15/2020 10:58:59 AM Info Navigating to URI https://docs.microsoft.com/windows/configuration/wcd/wcd-browser#partnersearchcode
12/15/2020 10:59:00 AM Info Navigating to URI https://docs.microsoft.com/windows/configuration/wcd/wcd-browser#partnersearchcode
12/15/2020 10:59:16 AM Info Navigating to URI https://docs.microsoft.com/windows/configuration/wcd/wcd-devdetail#dnscomputername
12/15/2020 10:59:21 AM Info Navigating to URI https://docs.microsoft.com/windows/configuration/wcd/wcd-devdetail#dnscomputername
12/15/2020 10:59:29 AM Info Navigating to URI https://docs.microsoft.com/windows/configuration/wcd/wcd-devicemanagement#policies
12/15/2020 10:59:31 AM Info Navigating to URI https://docs.microsoft.com/windows/configuration/wcd/wcd-devicemanagement#policies
12/15/2020 11:00:31 AM Info Navigating to URI https://docs.microsoft.com/windows/configuration/wcd/wcd-personalization#desktopimageurl
12/15/2020 11:01:20 AM Info Navigating to URI https://docs.microsoft.com/windows/configuration/wcd/wcd-personalization#deploydesktopimage
12/15/2020 11:01:44 AM Info Navigating to URI https://docs.microsoft.com/windows/configuration/wcd/wcd-usberrorsoemoverride#hideusberrornotifyoptionui
12/15/2020 11:01:53 AM Info Navigating to URI https://docs.microsoft.com/windows/configuration/wcd/wcd-usberrorsoemoverride#hideusberrornotifyoptionui
12/15/2020 11:02:00 AM Info Navigating to URI https://docs.microsoft.com/windows/configuration/wcd/wcd-provisioningcommands#devicecontext
12/15/2020 11:02:04 AM Info Navigating to URI https://docs.microsoft.com/windows/configuration/wcd/wcd-provisioningcommands#devicecontext
12/15/2020 11:02:09 AM Info Navigating to URI https://docs.microsoft.com/windows/configuration/wcd/wcd-provisioningcommands#devicecontext
12/15/2020 11:02:14 AM Info Navigating to URI https://docs.microsoft.com/windows/configuration/wcd/wcd-provisioningcommands#devicecontext
12/15/2020 11:02:24 AM Info Navigating to URI https://docs.microsoft.com/windows/configuration/wcd/wcd-provisioningcommands#devicecontext
12/15/2020 11:14:01 AM Info Navigating to URI https://docs.microsoft.com/windows/configuration/wcd/wcd-provisioningcommands#primarycontext
12/15/2020 11:14:03 AM Info Navigating to URI https://docs.microsoft.com/windows/configuration/wcd/wcd-provisioningcommands#primarycontext
12/15/2020 11:14:05 AM Info Navigating to URI https://docs.microsoft.com/windows/configuration/wcd/wcd-provisioningcommands#primarycontext
12/15/2020 11:14:05 AM Info Navigating to URI https://docs.microsoft.com/windows/configuration/wcd/wcd-provisioningcommands#primarycontext
12/15/2020 11:14:06 AM Info Navigating to URI https://docs.microsoft.com/windows/configuration/wcd/wcd-provisioningcommands#primarycontext
12/15/2020 11:14:06 AM Info Navigating to URI https://docs.microsoft.com/windows/configuration/wcd/wcd-provisioningcommands#primarycontext
12/15/2020 11:14:07 AM Info Navigating to URI https://docs.microsoft.com/windows/configuration/wcd/wcd-provisioningcommands#primarycontext
12/15/2020 11:14:08 AM Info Navigating to URI https://docs.microsoft.com/windows/configuration/wcd/wcd-provisioningcommands#primarycontext
12/15/2020 11:14:08 AM Info Navigating to URI https://docs.microsoft.com/windows/configuration/wcd/wcd-provisioningcommands#primarycontext
12/15/2020 11:14:09 AM Info Navigating to URI https://docs.microsoft.com/windows/configuration/wcd/wcd-provisioningcommands#primarycontext
12/15/2020 11:14:09 AM Info Navigating to URI https://docs.microsoft.com/windows/configuration/wcd/wcd-provisioningcommands#primarycontext
12/15/2020 11:14:47 AM Info Navigating to URI https://docs.microsoft.com/windows/configuration/wcd/wcd-provisioningcommands#primarycontext
12/15/2020 11:14:48 AM Info Navigating to URI https://docs.microsoft.com/windows/configuration/wcd/wcd-provisioningcommands#primarycontext
12/15/2020 11:14:50 AM Info Navigating to URI https://docs.microsoft.com/windows/configuration/wcd/wcd-provisioningcommands#primarycontext
12/15/2020 11:14:51 AM Info Navigating to URI https://docs.microsoft.com/windows/configuration/wcd/wcd-provisioningcommands#primarycontext
12/15/2020 11:14:51 AM Info Navigating to URI https://docs.microsoft.com/windows/configuration/wcd/wcd-provisioningcommands#primarycontext
12/15/2020 11:14:51 AM Info Navigating to URI https://docs.microsoft.com/windows/configuration/wcd/wcd-provisioningcommands#primarycontext
12/15/2020 11:14:52 AM Info Navigating to URI https://docs.microsoft.com/windows/configuration/wcd/wcd-provisioningcommands#primarycontext
12/15/2020 11:14:52 AM Info Navigating to URI https://docs.microsoft.com/windows/configuration/wcd/wcd-provisioningcommands#primarycontext
12/15/2020 11:14:52 AM Info Navigating to URI https://docs.microsoft.com/windows/configuration/wcd/wcd-provisioningcommands#primarycontext
12/15/2020 11:14:52 AM Info Navigating to URI https://docs.microsoft.com/windows/configuration/wcd/wcd-provisioningcommands#primarycontext
12/15/2020 11:14:53 AM Info Navigating to URI https://docs.microsoft.com/windows/configuration/wcd/wcd-provisioningcommands#primarycontext
12/15/2020 11:14:54 AM Info Navigating to URI https://docs.microsoft.com/windows/configuration/wcd/wcd-provisioningcommands#primarycontext
12/15/2020 11:16:26 AM Info Navigating to URI https://docs.microsoft.com/windows/configuration/wcd/wcd-provisioningcommands#primarycontext
12/15/2020 11:16:27 AM Info Navigating to URI https://docs.microsoft.com/windows/configuration/wcd/wcd-provisioningcommands#primarycontext
12/15/2020 11:16:29 AM Info Navigating to URI https://docs.microsoft.com/windows/configuration/wcd/wcd-provisioningcommands#primarycontext
12/15/2020 11:16:29 AM Info Navigating to URI https://docs.microsoft.com/windows/configuration/wcd/wcd-provisioningcommands#primarycontext
12/15/2020 11:16:30 AM Info Navigating to URI https://docs.microsoft.com/windows/configuration/wcd/wcd-provisioningcommands#primarycontext
12/15/2020 11:16:31 AM Info Navigating to URI https://docs.microsoft.com/windows/configuration/wcd/wcd-provisioningcommands#primarycontext
12/15/2020 11:16:32 AM Info Navigating to URI https://docs.microsoft.com/windows/configuration/wcd/wcd-provisioningcommands#primarycontext
12/15/2020 11:16:32 AM Info Navigating to URI https://docs.microsoft.com/windows/configuration/wcd/wcd-provisioningcommands#primarycontext
12/15/2020 11:16:32 AM Info Navigating to URI https://docs.microsoft.com/windows/configuration/wcd/wcd-provisioningcommands#primarycontext
12/15/2020 11:16:33 AM Info Navigating to URI https://docs.microsoft.com/windows/configuration/wcd/wcd-provisioningcommands#primarycontext
12/15/2020 11:16:33 AM Info Navigating to URI https://docs.microsoft.com/windows/configuration/wcd/wcd-provisioningcommands#primarycontext
12/15/2020 11:17:02 AM Info Navigating to URI https://docs.microsoft.com/windows/configuration/wcd/wcd-provisioningcommands#primarycontext
12/15/2020 11:17:05 AM Info Navigating to URI https://docs.microsoft.com/windows/configuration/wcd/wcd-provisioningcommands#primarycontext
12/15/2020 11:17:08 AM Info Navigating to URI https://docs.microsoft.com/windows/configuration/wcd/wcd-provisioningcommands#primarycontext
12/15/2020 11:17:28 AM Info Navigating to URI https://docs.microsoft.com/windows/configuration/wcd/wcd-provisioningcommands#primarycontext
12/15/2020 11:17:29 AM Info Navigating to URI https://docs.microsoft.com/windows/configuration/wcd/wcd-provisioningcommands#primarycontext
12/15/2020 11:17:36 AM Info Navigating to URI https://docs.microsoft.com/windows/configuration/wcd/wcd-provisioningcommands#primarycontext
12/15/2020 11:17:37 AM Info Navigating to URI https://docs.microsoft.com/windows/configuration/wcd/wcd-provisioningcommands#primarycontext
12/15/2020 11:17:39 AM Info Navigating to URI https://docs.microsoft.com/windows/configuration/wcd/wcd-provisioningcommands#primarycontext
12/15/2020 11:17:39 AM Info Navigating to URI https://docs.microsoft.com/windows/configuration/wcd/wcd-provisioningcommands#primarycontext
12/15/2020 11:17:40 AM Info Navigating to URI https://docs.microsoft.com/windows/configuration/wcd/wcd-provisioningcommands#primarycontext
12/15/2020 11:17:40 AM Info Navigating to URI https://docs.microsoft.com/windows/configuration/wcd/wcd-provisioningcommands#primarycontext
12/15/2020 11:17:40 AM Info Navigating to URI https://docs.microsoft.com/windows/configuration/wcd/wcd-provisioningcommands#primarycontext
12/15/2020 11:17:41 AM Info Navigating to URI https://docs.microsoft.com/windows/configuration/wcd/wcd-provisioningcommands#primarycontext
12/15/2020 11:17:41 AM Info Navigating to URI https://docs.microsoft.com/windows/configuration/wcd/wcd-provisioningcommands#primarycontext
12/15/2020 11:17:41 AM Info Navigating to URI https://docs.microsoft.com/windows/configuration/wcd/wcd-provisioningcommands#primarycontext
12/15/2020 11:17:42 AM Info Navigating to URI https://docs.microsoft.com/windows/configuration/wcd/wcd-provisioningcommands#primarycontext
12/15/2020 11:18:30 AM Info Navigating to URI https://docs.microsoft.com/windows/configuration/wcd/wcd-provisioningcommands#primarycontext
12/15/2020 11:18:31 AM Info Navigating to URI https://docs.microsoft.com/windows/configuration/wcd/wcd-provisioningcommands#primarycontext
12/15/2020 11:18:33 AM Info Navigating to URI https://docs.microsoft.com/windows/configuration/wcd/wcd-provisioningcommands#primarycontext
12/15/2020 11:18:33 AM Info Navigating to URI https://docs.microsoft.com/windows/configuration/wcd/wcd-provisioningcommands#primarycontext
12/15/2020 11:18:34 AM Info Navigating to URI https://docs.microsoft.com/windows/configuration/wcd/wcd-provisioningcommands#primarycontext
12/15/2020 11:18:34 AM Info Navigating to URI https://docs.microsoft.com/windows/configuration/wcd/wcd-provisioningcommands#primarycontext
12/15/2020 11:18:35 AM Info Navigating to URI https://docs.microsoft.com/windows/configuration/wcd/wcd-provisioningcommands#primarycontext
12/15/2020 11:18:36 AM Info Navigating to URI https://docs.microsoft.com/windows/configuration/wcd/wcd-provisioningcommands#primarycontext
12/15/2020 11:18:36 AM Info Navigating to URI https://docs.microsoft.com/windows/configuration/wcd/wcd-provisioningcommands#primarycontext
12/15/2020 11:18:36 AM Info Navigating to URI https://docs.microsoft.com/windows/configuration/wcd/wcd-provisioningcommands#primarycontext
12/15/2020 11:18:37 AM Info Navigating to URI https://docs.microsoft.com/windows/configuration/wcd/wcd-provisioningcommands#primarycontext
12/15/2020 11:19:10 AM Info Navigating to URI https://docs.microsoft.com/windows/configuration/wcd/wcd-provisioningcommands#primarycontext
12/15/2020 11:19:11 AM Info Navigating to URI https://docs.microsoft.com/windows/configuration/wcd/wcd-provisioningcommands#primarycontext
12/15/2020 11:19:13 AM Info Navigating to URI https://docs.microsoft.com/windows/configuration/wcd/wcd-provisioningcommands#primarycontext
12/15/2020 11:19:13 AM Info Navigating to URI https://docs.microsoft.com/windows/configuration/wcd/wcd-provisioningcommands#primarycontext
12/15/2020 11:19:14 AM Info Navigating to URI https://docs.microsoft.com/windows/configuration/wcd/wcd-provisioningcommands#primarycontext
12/15/2020 11:19:14 AM Info Navigating to URI https://docs.microsoft.com/windows/configuration/wcd/wcd-provisioningcommands#primarycontext
12/15/2020 11:19:15 AM Info Navigating to URI https://docs.microsoft.com/windows/configuration/wcd/wcd-provisioningcommands#primarycontext
12/15/2020 11:19:15 AM Info Navigating to URI https://docs.microsoft.com/windows/configuration/wcd/wcd-provisioningcommands#primarycontext
12/15/2020 11:19:15 AM Info Navigating to URI https://docs.microsoft.com/windows/configuration/wcd/wcd-provisioningcommands#primarycontext
12/15/2020 11:19:15 AM Info Navigating to URI https://docs.microsoft.com/windows/configuration/wcd/wcd-provisioningcommands#primarycontext
12/15/2020 11:19:16 AM Info Navigating to URI https://docs.microsoft.com/windows/configuration/wcd/wcd-provisioningcommands#primarycontext
12/15/2020 11:20:02 AM Info Navigating to URI https://docs.microsoft.com/windows/configuration/wcd/wcd-provisioningcommands#primarycontext
12/15/2020 11:20:03 AM Info Navigating to URI https://docs.microsoft.com/windows/configuration/wcd/wcd-provisioningcommands#primarycontext
12/15/2020 11:20:05 AM Info Navigating to URI https://docs.microsoft.com/windows/configuration/wcd/wcd-provisioningcommands#primarycontext
12/15/2020 11:20:05 AM Info Navigating to URI https://docs.microsoft.com/windows/configuration/wcd/wcd-provisioningcommands#primarycontext
12/15/2020 11:20:05 AM Info Navigating to URI https://docs.microsoft.com/windows/configuration/wcd/wcd-provisioningcommands#primarycontext
12/15/2020 11:20:06 AM Info Navigating to URI https://docs.microsoft.com/windows/configuration/wcd/wcd-provisioningcommands#primarycontext
12/15/2020 11:20:06 AM Info Navigating to URI https://docs.microsoft.com/windows/configuration/wcd/wcd-provisioningcommands#primarycontext
12/15/2020 11:20:07 AM Info Navigating to URI https://docs.microsoft.com/windows/configuration/wcd/wcd-provisioningcommands#primarycontext
12/15/2020 11:20:07 AM Info Navigating to URI https://docs.microsoft.com/windows/configuration/wcd/wcd-provisioningcommands#primarycontext
12/15/2020 11:20:07 AM Info Navigating to URI https://docs.microsoft.com/windows/configuration/wcd/wcd-provisioningcommands#primarycontext
12/15/2020 11:20:08 AM Info Navigating to URI https://docs.microsoft.com/windows/configuration/wcd/wcd-provisioningcommands#primarycontext
12/15/2020 11:21:36 AM Info Navigating to URI https://docs.microsoft.com/windows/configuration/wcd/wcd-provisioningcommands#primarycontext
12/15/2020 11:21:37 AM Info Navigating to URI https://docs.microsoft.com/windows/configuration/wcd/wcd-provisioningcommands#primarycontext
12/15/2020 11:21:41 AM Info Navigating to URI https://docs.microsoft.com/windows/configuration/wcd/wcd-provisioningcommands#primarycontext
12/15/2020 11:21:41 AM Info Navigating to URI https://docs.microsoft.com/windows/configuration/wcd/wcd-provisioningcommands#primarycontext
12/15/2020 11:21:42 AM Info Navigating to URI https://docs.microsoft.com/windows/configuration/wcd/wcd-provisioningcommands#primarycontext
12/15/2020 11:21:42 AM Info Navigating to URI https://docs.microsoft.com/windows/configuration/wcd/wcd-provisioningcommands#primarycontext
12/15/2020 11:21:43 AM Info Navigating to URI https://docs.microsoft.com/windows/configuration/wcd/wcd-provisioningcommands#primarycontext
12/15/2020 11:21:44 AM Info Navigating to URI https://docs.microsoft.com/windows/configuration/wcd/wcd-provisioningcommands#primarycontext
12/15/2020 11:21:44 AM Info Navigating to URI https://docs.microsoft.com/windows/configuration/wcd/wcd-provisioningcommands#primarycontext
12/15/2020 11:21:44 AM Info Navigating to URI https://docs.microsoft.com/windows/configuration/wcd/wcd-provisioningcommands#primarycontext
12/15/2020 11:21:45 AM Info Navigating to URI https://docs.microsoft.com/windows/configuration/wcd/wcd-provisioningcommands#primarycontext
12/15/2020 11:22:28 AM Info Navigating to URI https://docs.microsoft.com/windows/configuration/wcd/wcd-provisioningcommands#primarycontext
12/15/2020 11:22:30 AM Info Navigating to URI https://docs.microsoft.com/windows/configuration/wcd/wcd-provisioningcommands#primarycontext
12/15/2020 11:22:32 AM Info Navigating to URI https://docs.microsoft.com/windows/configuration/wcd/wcd-provisioningcommands#primarycontext
12/15/2020 11:22:32 AM Info Navigating to URI https://docs.microsoft.com/windows/configuration/wcd/wcd-provisioningcommands#primarycontext
12/15/2020 11:22:33 AM Info Navigating to URI https://docs.microsoft.com/windows/configuration/wcd/wcd-provisioningcommands#primarycontext
12/15/2020 11:22:33 AM Info Navigating to URI https://docs.microsoft.com/windows/configuration/wcd/wcd-provisioningcommands#primarycontext
12/15/2020 11:22:33 AM Info Navigating to URI https://docs.microsoft.com/windows/configuration/wcd/wcd-provisioningcommands#primarycontext
12/15/2020 11:22:34 AM Info Navigating to URI https://docs.microsoft.com/windows/configuration/wcd/wcd-provisioningcommands#primarycontext
12/15/2020 11:22:34 AM Info Navigating to URI https://docs.microsoft.com/windows/configuration/wcd/wcd-provisioningcommands#primarycontext
12/15/2020 11:22:34 AM Info Navigating to URI https://docs.microsoft.com/windows/configuration/wcd/wcd-provisioningcommands#primarycontext
12/15/2020 11:22:34 AM Info Navigating to URI https://docs.microsoft.com/windows/configuration/wcd/wcd-provisioningcommands#primarycontext
12/15/2020 11:22:34 AM Info Navigating to URI https://docs.microsoft.com/windows/configuration/wcd/wcd-provisioningcommands#primarycontext
12/15/2020 11:22:35 AM Info Navigating to URI https://docs.microsoft.com/windows/configuration/wcd/wcd-provisioningcommands#primarycontext
12/15/2020 11:22:35 AM Info Navigating to URI https://docs.microsoft.com/windows/configuration/wcd/wcd-provisioningcommands#primarycontext
12/15/2020 11:23:06 AM Info Navigating to URI https://docs.microsoft.com/windows/configuration/wcd/wcd-provisioningcommands#primarycontext
12/15/2020 11:23:08 AM Info Navigating to URI https://docs.microsoft.com/windows/configuration/wcd/wcd-provisioningcommands#primarycontext
12/15/2020 11:23:08 AM Info Navigating to URI https://docs.microsoft.com/windows/configuration/wcd/wcd-provisioningcommands#primarycontext
12/15/2020 11:23:08 AM Info Navigating to URI https://docs.microsoft.com/windows/configuration/wcd/wcd-provisioningcommands#primarycontext
12/15/2020 11:23:08 AM Info Navigating to URI https://docs.microsoft.com/windows/configuration/wcd/wcd-provisioningcommands#primarycontext
12/15/2020 11:23:09 AM Info Navigating to URI https://docs.microsoft.com/windows/configuration/wcd/wcd-provisioningcommands#primarycontext
12/15/2020 11:23:10 AM Info Navigating to URI https://docs.microsoft.com/windows/configuration/wcd/wcd-provisioningcommands#primarycontext
12/15/2020 11:23:10 AM Info Navigating to URI https://docs.microsoft.com/windows/configuration/wcd/wcd-provisioningcommands#primarycontext
12/15/2020 11:23:10 AM Info Navigating to URI https://docs.microsoft.com/windows/configuration/wcd/wcd-provisioningcommands#primarycontext
12/15/2020 11:23:11 AM Info Navigating to URI https://docs.microsoft.com/windows/configuration/wcd/wcd-provisioningcommands#primarycontext
12/15/2020 11:23:12 AM Info Navigating to URI https://docs.microsoft.com/windows/configuration/wcd/wcd-provisioningcommands#primarycontext
12/15/2020 11:30:57 AM Info Navigating to URI https://docs.microsoft.com/windows/configuration/wcd/wcd-browser#partnersearchcode
12/15/2020 11:34:01 AM Info Navigating to URI https://docs.microsoft.com/windows/configuration/wcd/wcd-personalization#desktopimageurl
12/15/2020 11:34:30 AM Info Navigating to URI https://docs.microsoft.com/windows/configuration/wcd/wcd-personalization#deploydesktopimage
12/15/2020 11:34:51 AM Info Start Provisioning package Build for Project: MTG Deployment V1.0
12/15/2020 11:39:09 AM Info Exporting customizations as a Provisioning Package to 'C:\Users\Micah\AppData\Local\Temp\ICD_20201215-113909-582_17456.9_1786872029.1'
12/15/2020 11:39:09 AM Info Adding runtime settings to Provisioning Package
12/15/2020 11:39:09 AM Info CreateTempDirectory: Create directory: C:\Users\Micah\AppData\Local\Temp\ICD_20201215-113909-614_17456.9_842843707.2
12/15/2020 11:39:09 AM Info provxml writer, path = C:\Users\Micah\AppData\Local\Temp\ICD_20201215-113909-614_17456.9_842843707.2\Prov\RunTime\0__Accounts_ComputerAccount.provxml
12/15/2020 11:39:09 AM Info provxml writer, path = C:\Users\Micah\AppData\Local\Temp\ICD_20201215-113909-614_17456.9_842843707.2\Prov\RunTime\1__Accounts_Users_MTG.provxml
12/15/2020 11:39:09 AM Info provxml writer, path = C:\Users\Micah\AppData\Local\Temp\ICD_20201215-113909-614_17456.9_842843707.2\Prov\RunTime\2__OOBE_Desktop_EnableCortanaVoice.provxml
12/15/2020 11:39:09 AM Info provxml writer, path = C:\Users\Micah\AppData\Local\Temp\ICD_20201215-113909-614_17456.9_842843707.2\Prov\RunTime\3__OOBE_Desktop_HideOobe.provxml
12/15/2020 11:39:09 AM Info provxml writer, path = C:\Users\Micah\AppData\Local\Temp\ICD_20201215-113909-614_17456.9_842843707.2\Prov\RunTime\4__ProvisioningCommands_PrimaryContext_Command_0_CommandLine.provxml
12/15/2020 11:39:09 AM Info provxml writer, path = C:\Users\Micah\AppData\Local\Temp\ICD_20201215-113909-614_17456.9_842843707.2\Prov\RunTime\5__ProvisioningCommands_PrimaryContext_Command_0_ContinueInstall.provxml
12/15/2020 11:39:09 AM Info provxml writer, path = C:\Users\Micah\AppData\Local\Temp\ICD_20201215-113909-614_17456.9_842843707.2\Prov\RunTime\6__ProvisioningCommands_PrimaryContext_Command_0_RestartRequired.provxml
12/15/2020 11:39:09 AM Info provxml writer, path = C:\Users\Micah\AppData\Local\Temp\ICD_20201215-113909-614_17456.9_842843707.2\Prov\RunTime\7__ProvisioningCommands_PrimaryContext_Command_1_CommandLine.provxml
12/15/2020 11:39:09 AM Info provxml writer, path = C:\Users\Micah\AppData\Local\Temp\ICD_20201215-113909-614_17456.9_842843707.2\Prov\RunTime\8__ProvisioningCommands_PrimaryContext_Command_1_ContinueInstall.provxml
12/15/2020 11:39:09 AM Info provxml writer, path = C:\Users\Micah\AppData\Local\Temp\ICD_20201215-113909-614_17456.9_842843707.2\Prov\RunTime\9__ProvisioningCommands_PrimaryContext_Command_1_RestartRequired.provxml
12/15/2020 11:39:09 AM Info provxml writer, path = C:\Users\Micah\AppData\Local\Temp\ICD_20201215-113909-614_17456.9_842843707.2\Prov\RunTime\10__ProvisioningCommands_PrimaryContext_Command_2_CommandLine.provxml
12/15/2020 11:39:09 AM Info provxml writer, path = C:\Users\Micah\AppData\Local\Temp\ICD_20201215-113909-614_17456.9_842843707.2\Prov\RunTime\11__ProvisioningCommands_PrimaryContext_Command_2_ContinueInstall.provxml
12/15/2020 11:39:09 AM Info provxml writer, path = C:\Users\Micah\AppData\Local\Temp\ICD_20201215-113909-614_17456.9_842843707.2\Prov\RunTime\12__ProvisioningCommands_PrimaryContext_Command_2_RestartRequired.provxml
12/15/2020 11:39:09 AM Info provxml writer, path = C:\Users\Micah\AppData\Local\Temp\ICD_20201215-113909-614_17456.9_842843707.2\Prov\RunTime\13__ProvisioningCommands_PrimaryContext_Command_3_CommandLine.provxml
12/15/2020 11:39:09 AM Info provxml writer, path = C:\Users\Micah\AppData\Local\Temp\ICD_20201215-113909-614_17456.9_842843707.2\Prov\RunTime\14__ProvisioningCommands_PrimaryContext_Command_3_ContinueInstall.provxml
12/15/2020 11:39:09 AM Info provxml writer, path = C:\Users\Micah\AppData\Local\Temp\ICD_20201215-113909-614_17456.9_842843707.2\Prov\RunTime\15__ProvisioningCommands_PrimaryContext_Command_3_RestartRequired.provxml
12/15/2020 11:39:09 AM Info provxml writer, path = C:\Users\Micah\AppData\Local\Temp\ICD_20201215-113909-614_17456.9_842843707.2\Prov\RunTime\16__ProvisioningCommands_PrimaryContext_Command_4_CommandLine.provxml
12/15/2020 11:39:09 AM Info provxml writer, path = C:\Users\Micah\AppData\Local\Temp\ICD_20201215-113909-614_17456.9_842843707.2\Prov\RunTime\17__ProvisioningCommands_PrimaryContext_Command_4_ContinueInstall.provxml
12/15/2020 11:39:09 AM Info provxml writer, path = C:\Users\Micah\AppData\Local\Temp\ICD_20201215-113909-614_17456.9_842843707.2\Prov\RunTime\18__ProvisioningCommands_PrimaryContext_Command_4_RestartRequired.provxml
12/15/2020 11:39:09 AM Info provxml writer, path = C:\Users\Micah\AppData\Local\Temp\ICD_20201215-113909-614_17456.9_842843707.2\Prov\RunTime\19__ProvisioningCommands_PrimaryContext_Command_5_CommandLine.provxml
12/15/2020 11:39:09 AM Info provxml writer, path = C:\Users\Micah\AppData\Local\Temp\ICD_20201215-113909-614_17456.9_842843707.2\Prov\RunTime\20__ProvisioningCommands_PrimaryContext_Command_5_ContinueInstall.provxml
12/15/2020 11:39:09 AM Info provxml writer, path = C:\Users\Micah\AppData\Local\Temp\ICD_20201215-113909-614_17456.9_842843707.2\Prov\RunTime\21__ProvisioningCommands_PrimaryContext_Command_5_RestartRequired.provxml
12/15/2020 11:39:09 AM Info provxml writer, path = C:\Users\Micah\AppData\Local\Temp\ICD_20201215-113909-614_17456.9_842843707.2\Prov\RunTime\22__ProvisioningCommands_PrimaryContext_Command_6_CommandLine.provxml
12/15/2020 11:39:09 AM Info provxml writer, path = C:\Users\Micah\AppData\Local\Temp\ICD_20201215-113909-614_17456.9_842843707.2\Prov\RunTime\23__ProvisioningCommands_PrimaryContext_Command_6_ContinueInstall.provxml
12/15/2020 11:39:09 AM Info provxml writer, path = C:\Users\Micah\AppData\Local\Temp\ICD_20201215-113909-614_17456.9_842843707.2\Prov\RunTime\24__ProvisioningCommands_PrimaryContext_Command_6_RestartRequired.provxml
12/15/2020 11:39:09 AM Info provxml writer, path = C:\Users\Micah\AppData\Local\Temp\ICD_20201215-113909-614_17456.9_842843707.2\Prov\RunTime\25__ProvisioningCommands_PrimaryContext_Command_7_CommandLine.provxml
12/15/2020 11:39:09 AM Info provxml writer, path = C:\Users\Micah\AppData\Local\Temp\ICD_20201215-113909-614_17456.9_842843707.2\Prov\RunTime\26__ProvisioningCommands_PrimaryContext_Command_7_ContinueInstall.provxml
12/15/2020 11:39:09 AM Info provxml writer, path = C:\Users\Micah\AppData\Local\Temp\ICD_20201215-113909-614_17456.9_842843707.2\Prov\RunTime\27__ProvisioningCommands_PrimaryContext_Command_7_RestartRequired.provxml
12/15/2020 11:39:09 AM Info provxml writer, path = C:\Users\Micah\AppData\Local\Temp\ICD_20201215-113909-614_17456.9_842843707.2\Prov\RunTime\28__ProvisioningCommands_PrimaryContext_Command_8_CommandLine.provxml
12/15/2020 11:39:09 AM Info provxml writer, path = C:\Users\Micah\AppData\Local\Temp\ICD_20201215-113909-614_17456.9_842843707.2\Prov\RunTime\29__ProvisioningCommands_PrimaryContext_Command_8_ContinueInstall.provxml
12/15/2020 11:39:09 AM Info provxml writer, path = C:\Users\Micah\AppData\Local\Temp\ICD_20201215-113909-614_17456.9_842843707.2\Prov\RunTime\30__ProvisioningCommands_PrimaryContext_Command_8_RestartRequired.provxml
12/15/2020 11:39:09 AM Info provxml writer, path = C:\Users\Micah\AppData\Local\Temp\ICD_20201215-113909-614_17456.9_842843707.2\Prov\RunTime\31__ProvisioningCommands_PrimaryContext_Command_9_CommandLine.provxml
12/15/2020 11:39:09 AM Info provxml writer, path = C:\Users\Micah\AppData\Local\Temp\ICD_20201215-113909-614_17456.9_842843707.2\Prov\RunTime\32__ProvisioningCommands_PrimaryContext_Command_9_ContinueInstall.provxml
12/15/2020 11:39:09 AM Info provxml writer, path = C:\Users\Micah\AppData\Local\Temp\ICD_20201215-113909-614_17456.9_842843707.2\Prov\RunTime\33__ProvisioningCommands_PrimaryContext_Command_9_RestartRequired.provxml
12/15/2020 11:39:09 AM Info provxml writer, path = C:\Users\Micah\AppData\Local\Temp\ICD_20201215-113909-614_17456.9_842843707.2\Prov\RunTime\34__Time_ProvisionSetTimeZone.provxml
12/15/2020 11:39:10 AM Info Adding deployment settings to Provisioning Package
12/15/2020 11:39:10 AM Info Adding file assets to Provisioning Package
12/15/2020 11:39:10 AM Info CopyFile: Source path: C:\Users\Micah\AppData\Local\Temp\ICD_20201215-113910-413_17456.9_478913122.cat, Target path: C:\MTG ZWindows PC Deployment -ppkg file\MTG Deployment V1.0.cat
12/15/2020 11:39:10 AM Info CopyFile: Source path: C:\Users\Micah\AppData\Local\Temp\ICD_20201215-113909-582_17456.9_1786872029.1, Target path: C:\MTG ZWindows PC Deployment -ppkg file\MTG Deployment V1.0.ppkg
12/15/2020 11:39:10 AM Info DeleteFile: File '' does not exist
12/15/2020 11:39:10 AM Info DeleteFile: File 'C:\Users\Micah\AppData\Local\Temp\ICD_20201215-113909-582_17456.9_1786872029.1' does not exist
12/15/2020 11:39:10 AM Info Media Creation Build Success page
12/15/2020 11:39:19 AM Info Build workflow finished.
